[debug] [2024-03-03T15:54:34.255Z] ----------------------------------------------------------------------
[debug] [2024-03-03T15:54:34.259Z] Command:       C:\Program Files\nodejs\node.exe C:\Users\ADMIN\AppData\Roaming\npm\node_modules\firebase-tools\lib\bin\firebase.js init
[debug] [2024-03-03T15:54:34.259Z] CLI Version:   13.4.0
[debug] [2024-03-03T15:54:34.259Z] Platform:      win32
[debug] [2024-03-03T15:54:34.260Z] Node Version:  v20.11.1
[debug] [2024-03-03T15:54:34.260Z] Time:          Sun Mar 03 2024 21:24:34 GMT+0530 (India Standard Time)
[debug] [2024-03-03T15:54:34.260Z] ----------------------------------------------------------------------
[debug] 
[debug] [2024-03-03T15:54:34.383Z] > command requires scopes: ["email","openid","https://www.googleapis.com/auth/cloudplatformprojects.readonly","https://www.googleapis.com/auth/firebase","https://www.googleapis.com/auth/cloud-platform"]
[debug] [2024-03-03T15:54:34.384Z] > authorizing via signed-in user (prabhat.panda57@gmail.com)
[info] 
     ######## #### ########  ######## ########     ###     ######  ########
     ##        ##  ##     ## ##       ##     ##  ##   ##  ##       ##
     ######    ##  ########  ######   ########  #########  ######  ######
     ##        ##  ##    ##  ##       ##     ## ##     ##       ## ##
     ##       #### ##     ## ######## ########  ##     ##  ######  ########

You're about to initialize a Firebase project in this directory:

  D:\Namaste-React\namaste-react

Before we get started, keep in mind:

  * You are initializing within an existing Firebase project directory

[info] 
=== Project Setup
[info] 
[info] First, let's associate this project directory with a Firebase project.
[info] You can create multiple project aliases by running firebase use --add, 
[info] but for now we'll just set up a default project.
[info] 
[debug] [2024-03-03T15:55:10.641Z] Using project from CLI flag: heathy-eats-by-prabhat
[debug] [2024-03-03T15:55:10.644Z] >>> [apiv2][query] GET https://firebase.googleapis.com/v1beta1/projects/heathy-eats-by-prabhat [none]
[debug] [2024-03-03T15:55:11.140Z] <<< [apiv2][status] GET https://firebase.googleapis.com/v1beta1/projects/heathy-eats-by-prabhat 200
[debug] [2024-03-03T15:55:11.140Z] <<< [apiv2][body] GET https://firebase.googleapis.com/v1beta1/projects/heathy-eats-by-prabhat {"projectId":"heathy-eats-by-prabhat","projectNumber":"940774485991","displayName":"Healthy Eats by Prabhat","name":"projects/heathy-eats-by-prabhat","resources":{"hostingSite":"heathy-eats-by-prabhat"},"state":"ACTIVE","etag":"1_8c191b4a-cfc9-4528-b532-7cccbc3a6638"}
[info] i  Using project heathy-eats-by-prabhat (Healthy Eats by Prabhat) 
[info] 
=== Hosting Setup
[debug] [2024-03-03T15:55:11.156Z] >>> [apiv2][query] GET https://firebase.googleapis.com/v1beta1/projects/heathy-eats-by-prabhat [none]
[debug] [2024-03-03T15:55:11.492Z] <<< [apiv2][status] GET https://firebase.googleapis.com/v1beta1/projects/heathy-eats-by-prabhat 200
[debug] [2024-03-03T15:55:11.493Z] <<< [apiv2][body] GET https://firebase.googleapis.com/v1beta1/projects/heathy-eats-by-prabhat {"projectId":"heathy-eats-by-prabhat","projectNumber":"940774485991","displayName":"Healthy Eats by Prabhat","name":"projects/heathy-eats-by-prabhat","resources":{"hostingSite":"heathy-eats-by-prabhat"},"state":"ACTIVE","etag":"1_8c191b4a-cfc9-4528-b532-7cccbc3a6638"}
[info] 
[info] Your public directory is the folder (relative to your project directory) that
[info] will contain Hosting assets to be uploaded with firebase deploy. If you
[info] have a build process for your assets, use your build's output directory.
[info] 
[debug] [2024-03-03T15:56:19.722Z] >>> [apiv2][query] GET https://www.gstatic.com/firebasejs/releases.json [none]
[debug] [2024-03-03T15:56:19.821Z] <<< [apiv2][status] GET https://www.gstatic.com/firebasejs/releases.json 200
[debug] [2024-03-03T15:56:19.822Z] <<< [apiv2][body] GET https://www.gstatic.com/firebasejs/releases.json {"current":{"version":"10.8.1","browserURL":"https://www.gstatic.com/firebasejs/10.8.1/firebase.js","packageURL":"https://www.gstatic.com/firebasejs/10.8.1/firebase.tgz"},"live":{"version":"10.8","browserURL":"https://www.gstatic.com/firebasejs/live/10.8/firebase.js","packageURL":"https://www.gstatic.com/firebasejs/live/10.8/firebase.tgz"},"components":{"analytics":"https://www.gstatic.com/firebasejs/10.8.1/firebase-analytics.js","app":"https://www.gstatic.com/firebasejs/10.8.1/firebase-app.js","app-check":"https://www.gstatic.com/firebasejs/10.8.1/firebase-app-check.js","auth":"https://www.gstatic.com/firebasejs/10.8.1/firebase-auth.js","auth/cordova":"https://www.gstatic.com/firebasejs/10.8.1/firebase-auth/cordova.js","auth/web-extension":"https://www.gstatic.com/firebasejs/10.8.1/firebase-auth/web-extension.js","functions":"https://www.gstatic.com/firebasejs/10.8.1/firebase-functions.js","firestore":"https://www.gstatic.com/firebasejs/10.8.1/firebase-firestore.js","firestore/lite":"https://www.gstatic.com/firebasejs/10.8.1/firebase-firestore/lite.js","installations":"https://www.gstatic.com/firebasejs/10.8.1/firebase-installations.js","storage":"https://www.gstatic.com/firebasejs/10.8.1/firebase-storage.js","performance":"https://www.gstatic.com/firebasejs/10.8.1/firebase-performance.js","remote-config":"https://www.gstatic.com/firebasejs/10.8.1/firebase-remote-config.js","messaging":"https://www.gstatic.com/firebasejs/10.8.1/firebase-messaging.js","messaging/sw":"https://www.gstatic.com/firebasejs/10.8.1/firebase-messaging/sw.js","database":"https://www.gstatic.com/firebasejs/10.8.1/firebase-database.js","firestore.memory":"https://www.gstatic.com/firebasejs/10.8.1/firebase-firestore.memory.js"}}
[info] +  Wrote build/index.html 
[info] 
[info] i  Detected a .git folder at D:\Namaste-React\namaste-react 
[info] i  Authorizing with GitHub to upload your service account to a GitHub repository's secrets store. 
[info] 
[info] Visit this URL on this device to log in:
[info] https://github.com/login/oauth/authorize?client_id=89cf50f02ac6aaed3484&state=702766020&redirect_uri=http%3A%2F%2Flocalhost%3A9005&scope=read%3Auser%20repo%20public_repo
[info] 
[info] Waiting for authentication...
